<?xml version="1.0" encoding="UTF-8"?>
<coverage generated="1757871928538" clover="3.2.0">
  <project timestamp="1757871928539" name="All files">
    <metrics statements="41" coveredstatements="36" conditionals="29" coveredconditionals="24" methods="6" coveredmethods="1" elements="76" coveredelements="61" complexity="0" loc="41" ncloc="41" packages="1" files="6" classes="6"/>
    <file name="automation-status.js" path="/home/groupsky/src/homy/docker/mqtt-influx/converters/automation-status.js">
      <metrics statements="26" coveredstatements="26" conditionals="29" coveredconditionals="24" methods="1" coveredmethods="1"/>
      <line num="1" count="3" type="stmt"/>
      <line num="10" count="3" type="stmt"/>
      <line num="12" count="26" type="cond" truecount="4" falsecount="0"/>
      <line num="13" count="2" type="stmt"/>
      <line num="17" count="24" type="cond" truecount="5" falsecount="0"/>
      <line num="18" count="4" type="stmt"/>
      <line num="21" count="20" type="stmt"/>
      <line num="27" count="20" type="stmt"/>
      <line num="28" count="20" type="stmt"/>
      <line num="31" count="20" type="cond" truecount="4" falsecount="0"/>
      <line num="32" count="5" type="stmt"/>
      <line num="36" count="20" type="cond" truecount="1" falsecount="1"/>
      <line num="37" count="20" type="stmt"/>
      <line num="40" count="20" type="cond" truecount="2" falsecount="0"/>
      <line num="41" count="17" type="stmt"/>
      <line num="45" count="20" type="cond" truecount="4" falsecount="0"/>
      <line num="46" count="17" type="stmt"/>
      <line num="48" count="17" type="cond" truecount="1" falsecount="1"/>
      <line num="49" count="17" type="stmt"/>
      <line num="52" count="17" type="cond" truecount="1" falsecount="1"/>
      <line num="53" count="17" type="stmt"/>
      <line num="56" count="17" type="cond" truecount="1" falsecount="1"/>
      <line num="57" count="17" type="stmt"/>
      <line num="60" count="17" type="cond" truecount="1" falsecount="1"/>
      <line num="61" count="17" type="stmt"/>
      <line num="65" count="20" type="stmt"/>
    </file>
    <file name="dds024mr.js" path="/home/groupsky/src/homy/docker/mqtt-influx/converters/dds024mr.js">
      <metrics statements="3" coveredstatements="2" conditionals="0" coveredconditionals="0" methods="1" coveredmethods="0"/>
      <line num="1" count="2" type="stmt"/>
      <line num="3" count="2" type="stmt"/>
      <line num="4" count="0" type="stmt"/>
    </file>
    <file name="dds519mr.js" path="/home/groupsky/src/homy/docker/mqtt-influx/converters/dds519mr.js">
      <metrics statements="3" coveredstatements="2" conditionals="0" coveredconditionals="0" methods="1" coveredmethods="0"/>
      <line num="1" count="2" type="stmt"/>
      <line num="3" count="2" type="stmt"/>
      <line num="4" count="0" type="stmt"/>
    </file>
    <file name="ex9em.js" path="/home/groupsky/src/homy/docker/mqtt-influx/converters/ex9em.js">
      <metrics statements="3" coveredstatements="2" conditionals="0" coveredconditionals="0" methods="1" coveredmethods="0"/>
      <line num="1" count="2" type="stmt"/>
      <line num="3" count="2" type="stmt"/>
      <line num="4" count="0" type="stmt"/>
    </file>
    <file name="or-we-514.js" path="/home/groupsky/src/homy/docker/mqtt-influx/converters/or-we-514.js">
      <metrics statements="3" coveredstatements="2" conditionals="0" coveredconditionals="0" methods="1" coveredmethods="0"/>
      <line num="1" count="2" type="stmt"/>
      <line num="3" count="2" type="stmt"/>
      <line num="4" count="0" type="stmt"/>
    </file>
    <file name="sdm630.js" path="/home/groupsky/src/homy/docker/mqtt-influx/converters/sdm630.js">
      <metrics statements="3" coveredstatements="2" conditionals="0" coveredconditionals="0" methods="1" coveredmethods="0"/>
      <line num="1" count="2" type="stmt"/>
      <line num="3" count="2" type="stmt"/>
      <line num="4" count="0" type="stmt"/>
    </file>
  </project>
</coverage>
