{"/home/groupsky/src/homy/docker/mqtt-influx/converters/automation-status.js": {"path":"/home/groupsky/src/homy/docker/mqtt-influx/converters/automation-status.js","statementMap":{"0":{"start":{"line":1,"column":16},"end":{"line":1,"column":54}},"1":{"start":{"line":10,"column":0},"end":{"line":66,"column":1}},"2":{"start":{"line":12,"column":2},"end":{"line":14,"column":3}},"3":{"start":{"line":13,"column":4},"end":{"line":13,"column":13}},"4":{"start":{"line":17,"column":2},"end":{"line":19,"column":3}},"5":{"start":{"line":18,"column":4},"end":{"line":18,"column":13}},"6":{"start":{"line":21,"column":16},"end":{"line":24,"column":25}},"7":{"start":{"line":27,"column":2},"end":{"line":27,"column":43}},"8":{"start":{"line":28,"column":2},"end":{"line":28,"column":53}},"9":{"start":{"line":31,"column":2},"end":{"line":33,"column":3}},"10":{"start":{"line":32,"column":4},"end":{"line":32,"column":72}},"11":{"start":{"line":36,"column":2},"end":{"line":38,"column":3}},"12":{"start":{"line":37,"column":4},"end":{"line":37,"column":56}},"13":{"start":{"line":40,"column":2},"end":{"line":42,"column":3}},"14":{"start":{"line":41,"column":4},"end":{"line":41,"column":66}},"15":{"start":{"line":45,"column":2},"end":{"line":63,"column":3}},"16":{"start":{"line":46,"column":18},"end":{"line":46,"column":36}},"17":{"start":{"line":48,"column":4},"end":{"line":50,"column":5}},"18":{"start":{"line":49,"column":6},"end":{"line":49,"column":50}},"19":{"start":{"line":52,"column":4},"end":{"line":54,"column":5}},"20":{"start":{"line":53,"column":6},"end":{"line":53,"column":56}},"21":{"start":{"line":56,"column":4},"end":{"line":58,"column":5}},"22":{"start":{"line":57,"column":6},"end":{"line":57,"column":54}},"23":{"start":{"line":60,"column":4},"end":{"line":62,"column":5}},"24":{"start":{"line":61,"column":6},"end":{"line":61,"column":58}},"25":{"start":{"line":65,"column":2},"end":{"line":65,"column":16}}},"fnMap":{"0":{"name":"automationStatus","decl":{"start":{"line":10,"column":26},"end":{"line":10,"column":42}},"loc":{"start":{"line":10,"column":50},"end":{"line":66,"column":1}},"line":10}},"branchMap":{"0":{"loc":{"start":{"line":12,"column":2},"end":{"line":14,"column":3}},"type":"if","locations":[{"start":{"line":12,"column":2},"end":{"line":14,"column":3}},{"start":{},"end":{}}],"line":12},"1":{"loc":{"start":{"line":12,"column":6},"end":{"line":12,"column":41}},"type":"binary-expr","locations":[{"start":{"line":12,"column":6},"end":{"line":12,"column":12}},{"start":{"line":12,"column":16},"end":{"line":12,"column":41}}],"line":12},"2":{"loc":{"start":{"line":17,"column":2},"end":{"line":19,"column":3}},"type":"if","locations":[{"start":{"line":17,"column":2},"end":{"line":19,"column":3}},{"start":{},"end":{}}],"line":17},"3":{"loc":{"start":{"line":17,"column":6},"end":{"line":17,"column":55}},"type":"binary-expr","locations":[{"start":{"line":17,"column":6},"end":{"line":17,"column":19}},{"start":{"line":17,"column":23},"end":{"line":17,"column":41}},{"start":{"line":17,"column":45},"end":{"line":17,"column":55}}],"line":17},"4":{"loc":{"start":{"line":31,"column":2},"end":{"line":33,"column":3}},"type":"if","locations":[{"start":{"line":31,"column":2},"end":{"line":33,"column":3}},{"start":{},"end":{}}],"line":31},"5":{"loc":{"start":{"line":31,"column":6},"end":{"line":31,"column":87}},"type":"binary-expr","locations":[{"start":{"line":31,"column":6},"end":{"line":31,"column":42}},{"start":{"line":31,"column":46},"end":{"line":31,"column":87}}],"line":31},"6":{"loc":{"start":{"line":36,"column":2},"end":{"line":38,"column":3}},"type":"if","locations":[{"start":{"line":36,"column":2},"end":{"line":38,"column":3}},{"start":{},"end":{}}],"line":36},"7":{"loc":{"start":{"line":40,"column":2},"end":{"line":42,"column":3}},"type":"if","locations":[{"start":{"line":40,"column":2},"end":{"line":42,"column":3}},{"start":{},"end":{}}],"line":40},"8":{"loc":{"start":{"line":45,"column":2},"end":{"line":63,"column":3}},"type":"if","locations":[{"start":{"line":45,"column":2},"end":{"line":63,"column":3}},{"start":{},"end":{}}],"line":45},"9":{"loc":{"start":{"line":45,"column":6},"end":{"line":45,"column":66}},"type":"binary-expr","locations":[{"start":{"line":45,"column":6},"end":{"line":45,"column":24}},{"start":{"line":45,"column":28},"end":{"line":45,"column":66}}],"line":45},"10":{"loc":{"start":{"line":48,"column":4},"end":{"line":50,"column":5}},"type":"if","locations":[{"start":{"line":48,"column":4},"end":{"line":50,"column":5}},{"start":{},"end":{}}],"line":48},"11":{"loc":{"start":{"line":52,"column":4},"end":{"line":54,"column":5}},"type":"if","locations":[{"start":{"line":52,"column":4},"end":{"line":54,"column":5}},{"start":{},"end":{}}],"line":52},"12":{"loc":{"start":{"line":56,"column":4},"end":{"line":58,"column":5}},"type":"if","locations":[{"start":{"line":56,"column":4},"end":{"line":58,"column":5}},{"start":{},"end":{}}],"line":56},"13":{"loc":{"start":{"line":60,"column":4},"end":{"line":62,"column":5}},"type":"if","locations":[{"start":{"line":60,"column":4},"end":{"line":62,"column":5}},{"start":{},"end":{}}],"line":60}},"s":{"0":3,"1":3,"2":26,"3":2,"4":24,"5":4,"6":20,"7":20,"8":20,"9":20,"10":5,"11":20,"12":20,"13":20,"14":17,"15":20,"16":17,"17":17,"18":17,"19":17,"20":17,"21":17,"22":17,"23":17,"24":17,"25":20},"f":{"0":26},"b":{"0":[2,24],"1":[26,24],"2":[4,20],"3":[24,22,21],"4":[5,15],"5":[20,5],"6":[20,0],"7":[17,3],"8":[17,3],"9":[20,17],"10":[17,0],"11":[17,0],"12":[17,0],"13":[17,0]},"_coverageSchema":"1a1c01bbd47fc00a2c39e90264f33305004495a9","hash":"74b212f0fc54a1dc61a76996736997502f934bcc"}
,"/home/groupsky/src/homy/docker/mqtt-influx/converters/dds024mr.js": {"path":"/home/groupsky/src/homy/docker/mqtt-influx/converters/dds024mr.js","statementMap":{"0":{"start":{"line":1,"column":16},"end":{"line":1,"column":54}},"1":{"start":{"line":3,"column":0},"end":{"line":42,"column":1}},"2":{"start":{"line":4,"column":4},"end":{"line":41,"column":5}}},"fnMap":{"0":{"name":"dds024mr","decl":{"start":{"line":3,"column":26},"end":{"line":3,"column":34}},"loc":{"start":{"line":3,"column":42},"end":{"line":42,"column":1}},"line":3}},"branchMap":{},"s":{"0":2,"1":2,"2":0},"f":{"0":0},"b":{},"_coverageSchema":"1a1c01bbd47fc00a2c39e90264f33305004495a9","hash":"57e6042137be1fa1535d0e953e043b3d4a83c8ba"}
,"/home/groupsky/src/homy/docker/mqtt-influx/converters/dds519mr.js": {"path":"/home/groupsky/src/homy/docker/mqtt-influx/converters/dds519mr.js","statementMap":{"0":{"start":{"line":1,"column":16},"end":{"line":1,"column":54}},"1":{"start":{"line":3,"column":0},"end":{"line":21,"column":1}},"2":{"start":{"line":4,"column":4},"end":{"line":20,"column":5}}},"fnMap":{"0":{"name":"dds519mr","decl":{"start":{"line":3,"column":26},"end":{"line":3,"column":34}},"loc":{"start":{"line":3,"column":42},"end":{"line":21,"column":1}},"line":3}},"branchMap":{},"s":{"0":2,"1":2,"2":0},"f":{"0":0},"b":{},"_coverageSchema":"1a1c01bbd47fc00a2c39e90264f33305004495a9","hash":"4427e2c5168abeca75f4a64fac3820990c32aa97"}
,"/home/groupsky/src/homy/docker/mqtt-influx/converters/ex9em.js": {"path":"/home/groupsky/src/homy/docker/mqtt-influx/converters/ex9em.js","statementMap":{"0":{"start":{"line":1,"column":16},"end":{"line":1,"column":54}},"1":{"start":{"line":3,"column":0},"end":{"line":21,"column":1}},"2":{"start":{"line":4,"column":4},"end":{"line":20,"column":5}}},"fnMap":{"0":{"name":"ex9em","decl":{"start":{"line":3,"column":26},"end":{"line":3,"column":31}},"loc":{"start":{"line":3,"column":39},"end":{"line":21,"column":1}},"line":3}},"branchMap":{},"s":{"0":2,"1":2,"2":0},"f":{"0":0},"b":{},"_coverageSchema":"1a1c01bbd47fc00a2c39e90264f33305004495a9","hash":"2a2271c03bc58a4f5e77163ee812c86ee2cfba53"}
,"/home/groupsky/src/homy/docker/mqtt-influx/converters/or-we-514.js": {"path":"/home/groupsky/src/homy/docker/mqtt-influx/converters/or-we-514.js","statementMap":{"0":{"start":{"line":1,"column":16},"end":{"line":1,"column":54}},"1":{"start":{"line":3,"column":0},"end":{"line":21,"column":1}},"2":{"start":{"line":4,"column":4},"end":{"line":20,"column":5}}},"fnMap":{"0":{"name":"ex9em","decl":{"start":{"line":3,"column":26},"end":{"line":3,"column":31}},"loc":{"start":{"line":3,"column":39},"end":{"line":21,"column":1}},"line":3}},"branchMap":{},"s":{"0":2,"1":2,"2":0},"f":{"0":0},"b":{},"_coverageSchema":"1a1c01bbd47fc00a2c39e90264f33305004495a9","hash":"9e248f0b5b0e37dd2eab4fe5512fdb2189e0a47d"}
,"/home/groupsky/src/homy/docker/mqtt-influx/converters/sdm630.js": {"path":"/home/groupsky/src/homy/docker/mqtt-influx/converters/sdm630.js","statementMap":{"0":{"start":{"line":1,"column":16},"end":{"line":1,"column":54}},"1":{"start":{"line":3,"column":0},"end":{"line":56,"column":1}},"2":{"start":{"line":4,"column":4},"end":{"line":55,"column":5}}},"fnMap":{"0":{"name":"sdm630","decl":{"start":{"line":3,"column":26},"end":{"line":3,"column":32}},"loc":{"start":{"line":3,"column":40},"end":{"line":56,"column":1}},"line":3}},"branchMap":{},"s":{"0":2,"1":2,"2":0},"f":{"0":0},"b":{},"_coverageSchema":"1a1c01bbd47fc00a2c39e90264f33305004495a9","hash":"5686833d52bf29a5b04a37a8880b87f965dfc6b8"}
}
