TN:
SF:converters/automation-status.js
FN:10,automationStatus
FNF:1
FNH:1
FNDA:26,automationStatus
DA:1,3
DA:10,3
DA:12,26
DA:13,2
DA:17,24
DA:18,4
DA:21,20
DA:27,20
DA:28,20
DA:31,20
DA:32,5
DA:36,20
DA:37,20
DA:40,20
DA:41,17
DA:45,20
DA:46,17
DA:48,17
DA:49,17
DA:52,17
DA:53,17
DA:56,17
DA:57,17
DA:60,17
DA:61,17
DA:65,20
LF:26
LH:26
BRDA:12,0,0,2
BRDA:12,0,1,24
BRDA:12,1,0,26
BRDA:12,1,1,24
BRDA:17,2,0,4
BRDA:17,2,1,20
BRDA:17,3,0,24
BRDA:17,3,1,22
BRDA:17,3,2,21
BRDA:31,4,0,5
BRDA:31,4,1,15
BRDA:31,5,0,20
BRDA:31,5,1,5
BRDA:36,6,0,20
BRDA:36,6,1,0
BRDA:40,7,0,17
BRDA:40,7,1,3
BRDA:45,8,0,17
BRDA:45,8,1,3
BRDA:45,9,0,20
BRDA:45,9,1,17
BRDA:48,10,0,17
BRDA:48,10,1,0
BRDA:52,11,0,17
BRDA:52,11,1,0
BRDA:56,12,0,17
BRDA:56,12,1,0
BRDA:60,13,0,17
BRDA:60,13,1,0
BRF:29
BRH:24
end_of_record
TN:
SF:converters/dds024mr.js
FN:3,dds024mr
FNF:1
FNH:0
FNDA:0,dds024mr
DA:1,2
DA:3,2
DA:4,0
LF:3
LH:2
BRF:0
BRH:0
end_of_record
TN:
SF:converters/dds519mr.js
FN:3,dds519mr
FNF:1
FNH:0
FNDA:0,dds519mr
DA:1,2
DA:3,2
DA:4,0
LF:3
LH:2
BRF:0
BRH:0
end_of_record
TN:
SF:converters/ex9em.js
FN:3,ex9em
FNF:1
FNH:0
FNDA:0,ex9em
DA:1,2
DA:3,2
DA:4,0
LF:3
LH:2
BRF:0
BRH:0
end_of_record
TN:
SF:converters/or-we-514.js
FN:3,ex9em
FNF:1
FNH:0
FNDA:0,ex9em
DA:1,2
DA:3,2
DA:4,0
LF:3
LH:2
BRF:0
BRH:0
end_of_record
TN:
SF:converters/sdm630.js
FN:3,sdm630
FNF:1
FNH:0
FNDA:0,sdm630
DA:1,2
DA:3,2
DA:4,0
LF:3
LH:2
BRF:0
BRH:0
end_of_record
