<?xml version="1.0" encoding="UTF-8"?>
<coverage generated="1755325452669" clover="3.2.0">
  <project timestamp="1755325452670" name="All files">
    <metrics statements="194" coveredstatements="169" conditionals="191" coveredconditionals="159" methods="17" coveredmethods="17" elements="402" coveredelements="345" complexity="0" loc="194" ncloc="194" packages="1" files="1" classes="1"/>
    <file name="bath-lights.js" path="/home/groupsky/src/homy/docker/automations/bots/bath-lights.js">
      <metrics statements="194" coveredstatements="169" conditionals="191" coveredconditionals="159" methods="17" coveredmethods="17"/>
      <line num="22" count="1" type="stmt"/>
      <line num="30" count="145" type="stmt"/>
      <line num="32" count="145" type="stmt"/>
      <line num="33" count="145" type="stmt"/>
      <line num="34" count="145" type="stmt"/>
      <line num="35" count="145" type="stmt"/>
      <line num="36" count="145" type="stmt"/>
      <line num="37" count="145" type="stmt"/>
      <line num="38" count="145" type="stmt"/>
      <line num="39" count="145" type="stmt"/>
      <line num="42" count="145" type="stmt"/>
      <line num="50" count="145" type="stmt"/>
      <line num="53" count="145" type="stmt"/>
      <line num="54" count="4025" type="cond" truecount="4" falsecount="0"/>
      <line num="56" count="4018" type="stmt"/>
      <line num="57" count="4015" type="stmt"/>
      <line num="61" count="7" type="stmt"/>
      <line num="62" count="7" type="cond" truecount="1" falsecount="1"/>
      <line num="65" count="7" type="cond" truecount="1" falsecount="1"/>
      <line num="66" count="0" type="stmt"/>
      <line num="67" count="0" type="stmt"/>
      <line num="68" count="0" type="cond" truecount="0" falsecount="2"/>
      <line num="69" count="0" type="stmt"/>
      <line num="73" count="7" type="stmt"/>
      <line num="82" count="7" type="stmt"/>
      <line num="83" count="3" type="cond" truecount="1" falsecount="1"/>
      <line num="84" count="3" type="cond" truecount="1" falsecount="1"/>
      <line num="85" count="3" type="cond" truecount="2" falsecount="0"/>
      <line num="86" count="3" type="stmt"/>
      <line num="90" count="7" type="stmt"/>
      <line num="91" count="9" type="stmt"/>
      <line num="93" count="9" type="cond" truecount="2" falsecount="0"/>
      <line num="94" count="6" type="stmt"/>
      <line num="97" count="9" type="stmt"/>
      <line num="98" count="9" type="stmt"/>
      <line num="100" count="0" type="cond" truecount="0" falsecount="2"/>
      <line num="101" count="0" type="stmt"/>
      <line num="104" count="0" type="stmt"/>
      <line num="105" count="0" type="stmt"/>
      <line num="109" count="9" type="stmt"/>
      <line num="110" count="5" type="cond" truecount="1" falsecount="1"/>
      <line num="111" count="5" type="cond" truecount="2" falsecount="0"/>
      <line num="112" count="3" type="stmt"/>
      <line num="114" count="5" type="cond" truecount="1" falsecount="1"/>
      <line num="116" count="0" type="cond" truecount="0" falsecount="2"/>
      <line num="117" count="0" type="stmt"/>
      <line num="119" count="0" type="stmt"/>
      <line num="122" count="5" type="stmt"/>
      <line num="128" count="9" type="stmt"/>
      <line num="129" count="9" type="stmt"/>
      <line num="132" count="7" type="stmt"/>
      <line num="133" count="5" type="cond" truecount="2" falsecount="0"/>
      <line num="134" count="3" type="cond" truecount="2" falsecount="0"/>
      <line num="135" count="1" type="stmt"/>
      <line num="139" count="3" type="cond" truecount="2" falsecount="0"/>
      <line num="140" count="2" type="stmt"/>
      <line num="141" count="2" type="stmt"/>
      <line num="153" count="3" type="stmt"/>
      <line num="154" count="3" type="stmt"/>
      <line num="157" count="2" type="cond" truecount="1" falsecount="1"/>
      <line num="158" count="2" type="stmt"/>
      <line num="161" count="2" type="stmt"/>
      <line num="162" count="2" type="cond" truecount="3" falsecount="1"/>
      <line num="163" count="2" type="stmt"/>
      <line num="167" count="2" type="stmt"/>
      <line num="170" count="7" type="stmt"/>
      <line num="173" count="145" type="stmt"/>
      <line num="174" count="1979" type="cond" truecount="2" falsecount="0"/>
      <line num="175" count="84" type="cond" truecount="1" falsecount="1"/>
      <line num="176" count="0" type="stmt"/>
      <line num="178" count="84" type="stmt"/>
      <line num="179" count="84" type="stmt"/>
      <line num="181" count="1979" type="cond" truecount="2" falsecount="0"/>
      <line num="182" count="63" type="cond" truecount="1" falsecount="1"/>
      <line num="183" count="0" type="stmt"/>
      <line num="185" count="63" type="stmt"/>
      <line num="186" count="63" type="stmt"/>
      <line num="188" count="1979" type="cond" truecount="2" falsecount="0"/>
      <line num="189" count="1057" type="cond" truecount="1" falsecount="1"/>
      <line num="190" count="0" type="stmt"/>
      <line num="192" count="1057" type="stmt"/>
      <line num="193" count="1057" type="stmt"/>
      <line num="195" count="1979" type="cond" truecount="2" falsecount="0"/>
      <line num="196" count="738" type="cond" truecount="1" falsecount="1"/>
      <line num="197" count="0" type="stmt"/>
      <line num="199" count="738" type="stmt"/>
      <line num="200" count="738" type="stmt"/>
      <line num="204" count="145" type="stmt"/>
      <line num="205" count="1591" type="cond" truecount="2" falsecount="0"/>
      <line num="207" count="1587" type="stmt"/>
      <line num="208" count="1587" type="stmt"/>
      <line num="210" count="1587" type="cond" truecount="2" falsecount="0"/>
      <line num="211" count="12" type="stmt"/>
      <line num="215" count="1587" type="cond" truecount="5" falsecount="0"/>
      <line num="216" count="8" type="cond" truecount="2" falsecount="0"/>
      <line num="217" count="3" type="cond" truecount="2" falsecount="0"/>
      <line num="218" count="2" type="stmt"/>
      <line num="221" count="3" type="cond" truecount="1" falsecount="1"/>
      <line num="222" count="3" type="cond" truecount="1" falsecount="1"/>
      <line num="223" count="3" type="stmt"/>
      <line num="229" count="1587" type="cond" truecount="2" falsecount="0"/>
      <line num="230" count="1284" type="cond" truecount="2" falsecount="0"/>
      <line num="231" count="376" type="cond" truecount="1" falsecount="1"/>
      <line num="232" count="0" type="stmt"/>
      <line num="234" count="376" type="stmt"/>
      <line num="237" count="1284" type="stmt"/>
      <line num="241" count="144" type="cond" truecount="2" falsecount="0"/>
      <line num="242" count="56" type="cond" truecount="2" falsecount="0"/>
      <line num="243" count="56" type="stmt"/>
      <line num="244" count="1519" type="cond" truecount="2" falsecount="0"/>
      <line num="245" count="1517" type="cond" truecount="2" falsecount="0"/>
      <line num="246" count="6" type="stmt"/>
      <line num="248" count="1517" type="stmt"/>
      <line num="249" count="1517" type="stmt"/>
      <line num="250" count="1517" type="cond" truecount="6" falsecount="0"/>
      <line num="251" count="1504" type="cond" truecount="2" falsecount="0"/>
      <line num="252" count="271" type="cond" truecount="2" falsecount="0"/>
      <line num="253" count="176" type="cond" truecount="2" falsecount="0"/>
      <line num="254" count="1" type="stmt"/>
      <line num="256" count="176" type="stmt"/>
      <line num="259" count="1233" type="cond" truecount="2" falsecount="0"/>
      <line num="260" count="5" type="stmt"/>
      <line num="262" count="1233" type="stmt"/>
      <line num="263" count="1233" type="cond" truecount="4" falsecount="0"/>
      <line num="264" count="1214" type="cond" truecount="2" falsecount="0"/>
      <line num="265" count="1" type="stmt"/>
      <line num="267" count="1214" type="stmt"/>
      <line num="268" count="155" type="cond" truecount="1" falsecount="1"/>
      <line num="269" count="0" type="stmt"/>
      <line num="272" count="155" type="cond" truecount="4" falsecount="0"/>
      <line num="273" count="17" type="stmt"/>
      <line num="275" count="155" type="stmt"/>
      <line num="283" count="144" type="cond" truecount="2" falsecount="0"/>
      <line num="284" count="64" type="stmt"/>
      <line num="285" count="1710" type="cond" truecount="2" falsecount="0"/>
      <line num="286" count="1708" type="cond" truecount="2" falsecount="0"/>
      <line num="287" count="7" type="stmt"/>
      <line num="289" count="1708" type="stmt"/>
      <line num="290" count="1708" type="cond" truecount="2" falsecount="0"/>
      <line num="291" count="698" type="cond" truecount="2" falsecount="0"/>
      <line num="292" count="7" type="stmt"/>
      <line num="294" count="698" type="stmt"/>
      <line num="296" count="695" type="stmt"/>
      <line num="297" count="1010" type="cond" truecount="4" falsecount="0"/>
      <line num="298" count="971" type="cond" truecount="1" falsecount="1"/>
      <line num="299" count="0" type="stmt"/>
      <line num="301" count="971" type="stmt"/>
      <line num="302" count="11" type="cond" truecount="1" falsecount="1"/>
      <line num="303" count="0" type="stmt"/>
      <line num="306" count="11" type="cond" truecount="3" falsecount="1"/>
      <line num="307" count="11" type="stmt"/>
      <line num="309" count="11" type="stmt"/>
      <line num="315" count="144" type="cond" truecount="2" falsecount="0"/>
      <line num="316" count="66" type="stmt"/>
      <line num="317" count="1693" type="cond" truecount="2" falsecount="0"/>
      <line num="318" count="1689" type="cond" truecount="2" falsecount="0"/>
      <line num="319" count="1" type="stmt"/>
      <line num="321" count="1689" type="stmt"/>
      <line num="322" count="1689" type="stmt"/>
      <line num="324" count="1689" type="cond" truecount="2" falsecount="0"/>
      <line num="326" count="762" type="cond" truecount="2" falsecount="0"/>
      <line num="327" count="222" type="cond" truecount="1" falsecount="1"/>
      <line num="328" count="0" type="stmt"/>
      <line num="330" count="222" type="stmt"/>
      <line num="331" count="222" type="cond" truecount="1" falsecount="1"/>
      <line num="332" count="0" type="stmt"/>
      <line num="334" count="222" type="stmt"/>
      <line num="335" count="222" type="stmt"/>
      <line num="336" count="540" type="cond" truecount="2" falsecount="0"/>
      <line num="337" count="517" type="cond" truecount="1" falsecount="1"/>
      <line num="338" count="0" type="stmt"/>
      <line num="340" count="517" type="stmt"/>
      <line num="341" count="517" type="cond" truecount="5" falsecount="0"/>
      <line num="342" count="69" type="cond" truecount="1" falsecount="1"/>
      <line num="343" count="0" type="stmt"/>
      <line num="345" count="69" type="stmt"/>
      <line num="346" count="5" type="cond" truecount="1" falsecount="1"/>
      <line num="347" count="0" type="stmt"/>
      <line num="350" count="5" type="cond" truecount="3" falsecount="1"/>
      <line num="351" count="5" type="stmt"/>
      <line num="353" count="5" type="stmt"/>
      <line num="359" count="927" type="cond" truecount="2" falsecount="0"/>
      <line num="360" count="763" type="cond" truecount="2" falsecount="0"/>
      <line num="361" count="1" type="stmt"/>
      <line num="363" count="763" type="stmt"/>
      <line num="365" count="927" type="cond" truecount="6" falsecount="0"/>
      <line num="366" count="198" type="cond" truecount="2" falsecount="0"/>
      <line num="367" count="1" type="stmt"/>
      <line num="369" count="198" type="stmt"/>
      <line num="370" count="106" type="cond" truecount="1" falsecount="1"/>
      <line num="371" count="0" type="stmt"/>
      <line num="374" count="106" type="cond" truecount="4" falsecount="0"/>
      <line num="375" count="7" type="stmt"/>
      <line num="377" count="106" type="stmt"/>
    </file>
  </project>
</coverage>
