{"/home/groupsky/src/homy/docker/automations/bots/bath-lights.js": {"path":"/home/groupsky/src/homy/docker/automations/bots/bath-lights.js","statementMap":{"0":{"start":{"line":22,"column":0},"end":{"line":384,"column":2}},"1":{"start":{"line":30,"column":7},"end":{"line":384,"column":1}},"2":{"start":{"line":32,"column":25},"end":{"line":32,"column":29}},"3":{"start":{"line":33,"column":24},"end":{"line":33,"column":28}},"4":{"start":{"line":34,"column":26},"end":{"line":34,"column":30}},"5":{"start":{"line":35,"column":24},"end":{"line":35,"column":28}},"6":{"start":{"line":36,"column":26},"end":{"line":36,"column":30}},"7":{"start":{"line":37,"column":26},"end":{"line":37,"column":30}},"8":{"start":{"line":38,"column":27},"end":{"line":38,"column":31}},"9":{"start":{"line":39,"column":28},"end":{"line":39,"column":32}},"10":{"start":{"line":42,"column":23},"end":{"line":47,"column":9}},"11":{"start":{"line":50,"column":29},"end":{"line":50,"column":33}},"12":{"start":{"line":53,"column":29},"end":{"line":171,"column":9}},"13":{"start":{"line":54,"column":12},"end":{"line":58,"column":13}},"14":{"start":{"line":56,"column":16},"end":{"line":56,"column":44}},"15":{"start":{"line":57,"column":16},"end":{"line":57,"column":22}},"16":{"start":{"line":61,"column":34},"end":{"line":61,"column":47}},"17":{"start":{"line":62,"column":27},"end":{"line":62,"column":49}},"18":{"start":{"line":65,"column":12},"end":{"line":71,"column":13}},"19":{"start":{"line":66,"column":16},"end":{"line":66,"column":62}},"20":{"start":{"line":67,"column":16},"end":{"line":67,"column":55}},"21":{"start":{"line":68,"column":16},"end":{"line":70,"column":17}},"22":{"start":{"line":69,"column":20},"end":{"line":69,"column":99}},"23":{"start":{"line":73,"column":28},"end":{"line":80,"column":13}},"24":{"start":{"line":82,"column":35},"end":{"line":88,"column":13}},"25":{"start":{"line":83,"column":16},"end":{"line":87,"column":17}},"26":{"start":{"line":84,"column":20},"end":{"line":84,"column":104}},"27":{"start":{"line":84,"column":58},"end":{"line":84,"column":104}},"28":{"start":{"line":85,"column":20},"end":{"line":85,"column":90}},"29":{"start":{"line":85,"column":51},"end":{"line":85,"column":90}},"30":{"start":{"line":86,"column":20},"end":{"line":86,"column":41}},"31":{"start":{"line":90,"column":35},"end":{"line":130,"column":13}},"32":{"start":{"line":91,"column":16},"end":{"line":91,"column":34}},"33":{"start":{"line":93,"column":16},"end":{"line":95,"column":17}},"34":{"start":{"line":94,"column":20},"end":{"line":94,"column":148}},"35":{"start":{"line":97,"column":16},"end":{"line":106,"column":17}},"36":{"start":{"line":98,"column":20},"end":{"line":98,"column":56}},"37":{"start":{"line":100,"column":20},"end":{"line":102,"column":21}},"38":{"start":{"line":101,"column":24},"end":{"line":101,"column":108}},"39":{"start":{"line":104,"column":20},"end":{"line":104,"column":35}},"40":{"start":{"line":105,"column":20},"end":{"line":105,"column":26}},"41":{"start":{"line":109,"column":42},"end":{"line":125,"column":39}},"42":{"start":{"line":110,"column":20},"end":{"line":124,"column":21}},"43":{"start":{"line":111,"column":24},"end":{"line":113,"column":25}},"44":{"start":{"line":112,"column":28},"end":{"line":112,"column":147}},"45":{"start":{"line":114,"column":24},"end":{"line":123,"column":25}},"46":{"start":{"line":116,"column":28},"end":{"line":118,"column":29}},"47":{"start":{"line":117,"column":32},"end":{"line":117,"column":106}},"48":{"start":{"line":119,"column":28},"end":{"line":119,"column":44}},"49":{"start":{"line":122,"column":28},"end":{"line":122,"column":43}},"50":{"start":{"line":128,"column":16},"end":{"line":128,"column":61}},"51":{"start":{"line":129,"column":16},"end":{"line":129,"column":40}},"52":{"start":{"line":132,"column":34},"end":{"line":168,"column":13}},"53":{"start":{"line":133,"column":16},"end":{"line":155,"column":17}},"54":{"start":{"line":134,"column":20},"end":{"line":136,"column":21}},"55":{"start":{"line":135,"column":24},"end":{"line":135,"column":124}},"56":{"start":{"line":139,"column":20},"end":{"line":151,"column":21}},"57":{"start":{"line":140,"column":24},"end":{"line":150,"column":25}},"58":{"start":{"line":141,"column":28},"end":{"line":147,"column":30}},"59":{"start":{"line":153,"column":20},"end":{"line":153,"column":36}},"60":{"start":{"line":154,"column":20},"end":{"line":154,"column":26}},"61":{"start":{"line":157,"column":16},"end":{"line":159,"column":17}},"62":{"start":{"line":158,"column":20},"end":{"line":158,"column":101}},"63":{"start":{"line":161,"column":35},"end":{"line":165,"column":37}},"64":{"start":{"line":162,"column":20},"end":{"line":164,"column":21}},"65":{"start":{"line":163,"column":24},"end":{"line":163,"column":40}},"66":{"start":{"line":167,"column":16},"end":{"line":167,"column":47}},"67":{"start":{"line":170,"column":12},"end":{"line":170,"column":28}},"68":{"start":{"line":173,"column":29},"end":{"line":202,"column":9}},"69":{"start":{"line":174,"column":12},"end":{"line":180,"column":13}},"70":{"start":{"line":175,"column":16},"end":{"line":177,"column":17}},"71":{"start":{"line":176,"column":20},"end":{"line":176,"column":68}},"72":{"start":{"line":178,"column":16},"end":{"line":178,"column":41}},"73":{"start":{"line":179,"column":16},"end":{"line":179,"column":34}},"74":{"start":{"line":181,"column":12},"end":{"line":187,"column":13}},"75":{"start":{"line":182,"column":16},"end":{"line":184,"column":17}},"76":{"start":{"line":183,"column":20},"end":{"line":183,"column":68}},"77":{"start":{"line":185,"column":16},"end":{"line":185,"column":41}},"78":{"start":{"line":186,"column":16},"end":{"line":186,"column":34}},"79":{"start":{"line":188,"column":12},"end":{"line":194,"column":13}},"80":{"start":{"line":189,"column":16},"end":{"line":191,"column":17}},"81":{"start":{"line":190,"column":20},"end":{"line":190,"column":69}},"82":{"start":{"line":192,"column":16},"end":{"line":192,"column":42}},"83":{"start":{"line":193,"column":16},"end":{"line":193,"column":35}},"84":{"start":{"line":195,"column":12},"end":{"line":201,"column":13}},"85":{"start":{"line":196,"column":16},"end":{"line":198,"column":17}},"86":{"start":{"line":197,"column":20},"end":{"line":197,"column":70}},"87":{"start":{"line":199,"column":16},"end":{"line":199,"column":43}},"88":{"start":{"line":200,"column":16},"end":{"line":200,"column":36}},"89":{"start":{"line":204,"column":8},"end":{"line":239,"column":10}},"90":{"start":{"line":205,"column":12},"end":{"line":205,"column":32}},"91":{"start":{"line":205,"column":26},"end":{"line":205,"column":32}},"92":{"start":{"line":207,"column":34},"end":{"line":207,"column":44}},"93":{"start":{"line":208,"column":12},"end":{"line":208,"column":38}},"94":{"start":{"line":210,"column":12},"end":{"line":212,"column":13}},"95":{"start":{"line":211,"column":16},"end":{"line":211,"column":102}},"96":{"start":{"line":215,"column":12},"end":{"line":226,"column":13}},"97":{"start":{"line":216,"column":16},"end":{"line":224,"column":17}},"98":{"start":{"line":217,"column":20},"end":{"line":219,"column":21}},"99":{"start":{"line":218,"column":24},"end":{"line":218,"column":130}},"100":{"start":{"line":221,"column":20},"end":{"line":221,"column":104}},"101":{"start":{"line":221,"column":58},"end":{"line":221,"column":104}},"102":{"start":{"line":222,"column":20},"end":{"line":222,"column":90}},"103":{"start":{"line":222,"column":51},"end":{"line":222,"column":90}},"104":{"start":{"line":223,"column":20},"end":{"line":223,"column":41}},"105":{"start":{"line":229,"column":12},"end":{"line":238,"column":13}},"106":{"start":{"line":230,"column":16},"end":{"line":235,"column":17}},"107":{"start":{"line":231,"column":20},"end":{"line":233,"column":21}},"108":{"start":{"line":232,"column":24},"end":{"line":232,"column":76}},"109":{"start":{"line":234,"column":20},"end":{"line":234,"column":83}},"110":{"start":{"line":237,"column":16},"end":{"line":237,"column":30}},"111":{"start":{"line":241,"column":8},"end":{"line":281,"column":9}},"112":{"start":{"line":242,"column":31},"end":{"line":242,"column":54}},"113":{"start":{"line":243,"column":12},"end":{"line":280,"column":14}},"114":{"start":{"line":244,"column":16},"end":{"line":244,"column":36}},"115":{"start":{"line":244,"column":30},"end":{"line":244,"column":36}},"116":{"start":{"line":245,"column":16},"end":{"line":247,"column":17}},"117":{"start":{"line":246,"column":20},"end":{"line":246,"column":82}},"118":{"start":{"line":248,"column":32},"end":{"line":248,"column":61}},"119":{"start":{"line":249,"column":16},"end":{"line":249,"column":43}},"120":{"start":{"line":250,"column":16},"end":{"line":279,"column":17}},"121":{"start":{"line":251,"column":20},"end":{"line":278,"column":21}},"122":{"start":{"line":252,"column":24},"end":{"line":257,"column":25}},"123":{"start":{"line":253,"column":28},"end":{"line":255,"column":29}},"124":{"start":{"line":254,"column":32},"end":{"line":254,"column":75}},"125":{"start":{"line":256,"column":28},"end":{"line":256,"column":90}},"126":{"start":{"line":259,"column":24},"end":{"line":261,"column":25}},"127":{"start":{"line":260,"column":28},"end":{"line":260,"column":70}},"128":{"start":{"line":262,"column":24},"end":{"line":262,"column":86}},"129":{"start":{"line":263,"column":24},"end":{"line":277,"column":25}},"130":{"start":{"line":264,"column":28},"end":{"line":266,"column":29}},"131":{"start":{"line":265,"column":32},"end":{"line":265,"column":135}},"132":{"start":{"line":267,"column":28},"end":{"line":276,"column":48}},"133":{"start":{"line":268,"column":32},"end":{"line":270,"column":33}},"134":{"start":{"line":269,"column":36},"end":{"line":269,"column":100}},"135":{"start":{"line":272,"column":32},"end":{"line":274,"column":33}},"136":{"start":{"line":273,"column":36},"end":{"line":273,"column":99}},"137":{"start":{"line":275,"column":32},"end":{"line":275,"column":51}},"138":{"start":{"line":283,"column":8},"end":{"line":313,"column":9}},"139":{"start":{"line":284,"column":12},"end":{"line":312,"column":14}},"140":{"start":{"line":285,"column":16},"end":{"line":285,"column":36}},"141":{"start":{"line":285,"column":30},"end":{"line":285,"column":36}},"142":{"start":{"line":286,"column":16},"end":{"line":288,"column":17}},"143":{"start":{"line":287,"column":20},"end":{"line":287,"column":66}},"144":{"start":{"line":289,"column":16},"end":{"line":289,"column":41}},"145":{"start":{"line":290,"column":16},"end":{"line":311,"column":17}},"146":{"start":{"line":291,"column":20},"end":{"line":293,"column":21}},"147":{"start":{"line":292,"column":24},"end":{"line":292,"column":66}},"148":{"start":{"line":294,"column":20},"end":{"line":294,"column":77}},"149":{"start":{"line":296,"column":20},"end":{"line":296,"column":34}},"150":{"start":{"line":297,"column":23},"end":{"line":311,"column":17}},"151":{"start":{"line":298,"column":20},"end":{"line":300,"column":21}},"152":{"start":{"line":299,"column":24},"end":{"line":299,"column":129}},"153":{"start":{"line":301,"column":20},"end":{"line":310,"column":41}},"154":{"start":{"line":302,"column":24},"end":{"line":304,"column":25}},"155":{"start":{"line":303,"column":28},"end":{"line":303,"column":93}},"156":{"start":{"line":306,"column":24},"end":{"line":308,"column":25}},"157":{"start":{"line":307,"column":28},"end":{"line":307,"column":91}},"158":{"start":{"line":309,"column":24},"end":{"line":309,"column":44}},"159":{"start":{"line":315,"column":8},"end":{"line":382,"column":9}},"160":{"start":{"line":316,"column":12},"end":{"line":381,"column":14}},"161":{"start":{"line":317,"column":16},"end":{"line":317,"column":36}},"162":{"start":{"line":317,"column":30},"end":{"line":317,"column":36}},"163":{"start":{"line":318,"column":16},"end":{"line":320,"column":17}},"164":{"start":{"line":319,"column":20},"end":{"line":319,"column":66}},"165":{"start":{"line":321,"column":41},"end":{"line":321,"column":68}},"166":{"start":{"line":322,"column":16},"end":{"line":322,"column":41}},"167":{"start":{"line":324,"column":16},"end":{"line":380,"column":17}},"168":{"start":{"line":326,"column":20},"end":{"line":356,"column":21}},"169":{"start":{"line":327,"column":24},"end":{"line":329,"column":25}},"170":{"start":{"line":328,"column":28},"end":{"line":328,"column":71}},"171":{"start":{"line":330,"column":24},"end":{"line":330,"column":86}},"172":{"start":{"line":331,"column":24},"end":{"line":333,"column":25}},"173":{"start":{"line":332,"column":28},"end":{"line":332,"column":78}},"174":{"start":{"line":334,"column":24},"end":{"line":334,"column":51}},"175":{"start":{"line":335,"column":24},"end":{"line":335,"column":44}},"176":{"start":{"line":336,"column":27},"end":{"line":356,"column":21}},"177":{"start":{"line":337,"column":24},"end":{"line":339,"column":25}},"178":{"start":{"line":338,"column":28},"end":{"line":338,"column":70}},"179":{"start":{"line":340,"column":24},"end":{"line":340,"column":81}},"180":{"start":{"line":341,"column":24},"end":{"line":355,"column":25}},"181":{"start":{"line":342,"column":28},"end":{"line":344,"column":29}},"182":{"start":{"line":343,"column":32},"end":{"line":343,"column":133}},"183":{"start":{"line":345,"column":28},"end":{"line":354,"column":47}},"184":{"start":{"line":346,"column":32},"end":{"line":348,"column":33}},"185":{"start":{"line":347,"column":36},"end":{"line":347,"column":99}},"186":{"start":{"line":350,"column":32},"end":{"line":352,"column":33}},"187":{"start":{"line":351,"column":36},"end":{"line":351,"column":99}},"188":{"start":{"line":353,"column":32},"end":{"line":353,"column":50}},"189":{"start":{"line":359,"column":20},"end":{"line":364,"column":21}},"190":{"start":{"line":360,"column":24},"end":{"line":362,"column":25}},"191":{"start":{"line":361,"column":28},"end":{"line":361,"column":70}},"192":{"start":{"line":363,"column":24},"end":{"line":363,"column":82}},"193":{"start":{"line":365,"column":20},"end":{"line":379,"column":21}},"194":{"start":{"line":366,"column":24},"end":{"line":368,"column":25}},"195":{"start":{"line":367,"column":28},"end":{"line":367,"column":129}},"196":{"start":{"line":369,"column":24},"end":{"line":378,"column":43}},"197":{"start":{"line":370,"column":28},"end":{"line":372,"column":29}},"198":{"start":{"line":371,"column":32},"end":{"line":371,"column":95}},"199":{"start":{"line":374,"column":28},"end":{"line":376,"column":29}},"200":{"start":{"line":375,"column":32},"end":{"line":375,"column":96}},"201":{"start":{"line":377,"column":28},"end":{"line":377,"column":46}}},"fnMap":{"0":{"name":"(anonymous_0)","decl":{"start":{"line":22,"column":17},"end":{"line":22,"column":18}},"loc":{"start":{"line":30,"column":7},"end":{"line":384,"column":1}},"line":30},"1":{"name":"(anonymous_1)","decl":{"start":{"line":31,"column":11},"end":{"line":31,"column":12}},"loc":{"start":{"line":31,"column":23},"end":{"line":383,"column":5}},"line":31},"2":{"name":"(anonymous_2)","decl":{"start":{"line":53,"column":29},"end":{"line":53,"column":30}},"loc":{"start":{"line":53,"column":49},"end":{"line":171,"column":9}},"line":53},"3":{"name":"(anonymous_3)","decl":{"start":{"line":82,"column":35},"end":{"line":82,"column":36}},"loc":{"start":{"line":82,"column":41},"end":{"line":88,"column":13}},"line":82},"4":{"name":"(anonymous_4)","decl":{"start":{"line":90,"column":35},"end":{"line":90,"column":36}},"loc":{"start":{"line":90,"column":41},"end":{"line":130,"column":13}},"line":90},"5":{"name":"(anonymous_5)","decl":{"start":{"line":109,"column":53},"end":{"line":109,"column":54}},"loc":{"start":{"line":109,"column":59},"end":{"line":125,"column":17}},"line":109},"6":{"name":"(anonymous_6)","decl":{"start":{"line":132,"column":34},"end":{"line":132,"column":35}},"loc":{"start":{"line":132,"column":40},"end":{"line":168,"column":13}},"line":132},"7":{"name":"(anonymous_7)","decl":{"start":{"line":161,"column":46},"end":{"line":161,"column":47}},"loc":{"start":{"line":161,"column":52},"end":{"line":165,"column":17}},"line":161},"8":{"name":"(anonymous_8)","decl":{"start":{"line":173,"column":29},"end":{"line":173,"column":30}},"loc":{"start":{"line":173,"column":35},"end":{"line":202,"column":9}},"line":173},"9":{"name":"(anonymous_9)","decl":{"start":{"line":204,"column":42},"end":{"line":204,"column":43}},"loc":{"start":{"line":204,"column":55},"end":{"line":239,"column":9}},"line":204},"10":{"name":"(anonymous_10)","decl":{"start":{"line":243,"column":47},"end":{"line":243,"column":48}},"loc":{"start":{"line":243,"column":60},"end":{"line":280,"column":13}},"line":243},"11":{"name":"(anonymous_11)","decl":{"start":{"line":267,"column":54},"end":{"line":267,"column":55}},"loc":{"start":{"line":267,"column":60},"end":{"line":276,"column":29}},"line":267},"12":{"name":"(anonymous_12)","decl":{"start":{"line":284,"column":45},"end":{"line":284,"column":46}},"loc":{"start":{"line":284,"column":58},"end":{"line":312,"column":13}},"line":284},"13":{"name":"(anonymous_13)","decl":{"start":{"line":301,"column":47},"end":{"line":301,"column":48}},"loc":{"start":{"line":301,"column":53},"end":{"line":310,"column":21}},"line":301},"14":{"name":"(anonymous_14)","decl":{"start":{"line":316,"column":45},"end":{"line":316,"column":46}},"loc":{"start":{"line":316,"column":58},"end":{"line":381,"column":13}},"line":316},"15":{"name":"(anonymous_15)","decl":{"start":{"line":345,"column":53},"end":{"line":345,"column":54}},"loc":{"start":{"line":345,"column":59},"end":{"line":354,"column":29}},"line":345},"16":{"name":"(anonymous_16)","decl":{"start":{"line":369,"column":49},"end":{"line":369,"column":50}},"loc":{"start":{"line":369,"column":55},"end":{"line":378,"column":25}},"line":369}},"branchMap":{"0":{"loc":{"start":{"line":28,"column":4},"end":{"line":28,"column":22}},"type":"default-arg","locations":[{"start":{"line":28,"column":20},"end":{"line":28,"column":22}}],"line":28},"1":{"loc":{"start":{"line":43,"column":26},"end":{"line":43,"column":57}},"type":"binary-expr","locations":[{"start":{"line":43,"column":26},"end":{"line":43,"column":52}},{"start":{"line":43,"column":56},"end":{"line":43,"column":57}}],"line":43},"2":{"loc":{"start":{"line":44,"column":24},"end":{"line":44,"column":53}},"type":"binary-expr","locations":[{"start":{"line":44,"column":24},"end":{"line":44,"column":48}},{"start":{"line":44,"column":52},"end":{"line":44,"column":53}}],"line":44},"3":{"loc":{"start":{"line":45,"column":24},"end":{"line":45,"column":56}},"type":"binary-expr","locations":[{"start":{"line":45,"column":24},"end":{"line":45,"column":48}},{"start":{"line":45,"column":52},"end":{"line":45,"column":56}}],"line":45},"4":{"loc":{"start":{"line":54,"column":12},"end":{"line":58,"column":13}},"type":"if","locations":[{"start":{"line":54,"column":12},"end":{"line":58,"column":13}},{"start":{},"end":{}}],"line":54},"5":{"loc":{"start":{"line":54,"column":16},"end":{"line":54,"column":68}},"type":"binary-expr","locations":[{"start":{"line":54,"column":16},"end":{"line":54,"column":41}},{"start":{"line":54,"column":45},"end":{"line":54,"column":68}}],"line":54},"6":{"loc":{"start":{"line":62,"column":27},"end":{"line":62,"column":49}},"type":"binary-expr","locations":[{"start":{"line":62,"column":27},"end":{"line":62,"column":36}},{"start":{"line":62,"column":40},"end":{"line":62,"column":49}}],"line":62},"7":{"loc":{"start":{"line":65,"column":12},"end":{"line":71,"column":13}},"type":"if","locations":[{"start":{"line":65,"column":12},"end":{"line":71,"column":13}},{"start":{},"end":{}}],"line":65},"8":{"loc":{"start":{"line":68,"column":16},"end":{"line":70,"column":17}},"type":"if","locations":[{"start":{"line":68,"column":16},"end":{"line":70,"column":17}},{"start":{},"end":{}}],"line":68},"9":{"loc":{"start":{"line":83,"column":16},"end":{"line":87,"column":17}},"type":"if","locations":[{"start":{"line":83,"column":16},"end":{"line":87,"column":17}},{"start":{},"end":{}}],"line":83},"10":{"loc":{"start":{"line":84,"column":20},"end":{"line":84,"column":104}},"type":"if","locations":[{"start":{"line":84,"column":20},"end":{"line":84,"column":104}},{"start":{},"end":{}}],"line":84},"11":{"loc":{"start":{"line":85,"column":20},"end":{"line":85,"column":90}},"type":"if","locations":[{"start":{"line":85,"column":20},"end":{"line":85,"column":90}},{"start":{},"end":{}}],"line":85},"12":{"loc":{"start":{"line":93,"column":16},"end":{"line":95,"column":17}},"type":"if","locations":[{"start":{"line":93,"column":16},"end":{"line":95,"column":17}},{"start":{},"end":{}}],"line":93},"13":{"loc":{"start":{"line":100,"column":20},"end":{"line":102,"column":21}},"type":"if","locations":[{"start":{"line":100,"column":20},"end":{"line":102,"column":21}},{"start":{},"end":{}}],"line":100},"14":{"loc":{"start":{"line":110,"column":20},"end":{"line":124,"column":21}},"type":"if","locations":[{"start":{"line":110,"column":20},"end":{"line":124,"column":21}},{"start":{},"end":{}}],"line":110},"15":{"loc":{"start":{"line":111,"column":24},"end":{"line":113,"column":25}},"type":"if","locations":[{"start":{"line":111,"column":24},"end":{"line":113,"column":25}},{"start":{},"end":{}}],"line":111},"16":{"loc":{"start":{"line":114,"column":24},"end":{"line":123,"column":25}},"type":"if","locations":[{"start":{"line":114,"column":24},"end":{"line":123,"column":25}},{"start":{"line":120,"column":31},"end":{"line":123,"column":25}}],"line":114},"17":{"loc":{"start":{"line":116,"column":28},"end":{"line":118,"column":29}},"type":"if","locations":[{"start":{"line":116,"column":28},"end":{"line":118,"column":29}},{"start":{},"end":{}}],"line":116},"18":{"loc":{"start":{"line":133,"column":16},"end":{"line":155,"column":17}},"type":"if","locations":[{"start":{"line":133,"column":16},"end":{"line":155,"column":17}},{"start":{},"end":{}}],"line":133},"19":{"loc":{"start":{"line":134,"column":20},"end":{"line":136,"column":21}},"type":"if","locations":[{"start":{"line":134,"column":20},"end":{"line":136,"column":21}},{"start":{},"end":{}}],"line":134},"20":{"loc":{"start":{"line":139,"column":20},"end":{"line":151,"column":21}},"type":"if","locations":[{"start":{"line":139,"column":20},"end":{"line":151,"column":21}},{"start":{},"end":{}}],"line":139},"21":{"loc":{"start":{"line":157,"column":16},"end":{"line":159,"column":17}},"type":"if","locations":[{"start":{"line":157,"column":16},"end":{"line":159,"column":17}},{"start":{},"end":{}}],"line":157},"22":{"loc":{"start":{"line":162,"column":20},"end":{"line":164,"column":21}},"type":"if","locations":[{"start":{"line":162,"column":20},"end":{"line":164,"column":21}},{"start":{},"end":{}}],"line":162},"23":{"loc":{"start":{"line":162,"column":24},"end":{"line":162,"column":68}},"type":"binary-expr","locations":[{"start":{"line":162,"column":24},"end":{"line":162,"column":38}},{"start":{"line":162,"column":42},"end":{"line":162,"column":68}}],"line":162},"24":{"loc":{"start":{"line":174,"column":12},"end":{"line":180,"column":13}},"type":"if","locations":[{"start":{"line":174,"column":12},"end":{"line":180,"column":13}},{"start":{},"end":{}}],"line":174},"25":{"loc":{"start":{"line":175,"column":16},"end":{"line":177,"column":17}},"type":"if","locations":[{"start":{"line":175,"column":16},"end":{"line":177,"column":17}},{"start":{},"end":{}}],"line":175},"26":{"loc":{"start":{"line":181,"column":12},"end":{"line":187,"column":13}},"type":"if","locations":[{"start":{"line":181,"column":12},"end":{"line":187,"column":13}},{"start":{},"end":{}}],"line":181},"27":{"loc":{"start":{"line":182,"column":16},"end":{"line":184,"column":17}},"type":"if","locations":[{"start":{"line":182,"column":16},"end":{"line":184,"column":17}},{"start":{},"end":{}}],"line":182},"28":{"loc":{"start":{"line":188,"column":12},"end":{"line":194,"column":13}},"type":"if","locations":[{"start":{"line":188,"column":12},"end":{"line":194,"column":13}},{"start":{},"end":{}}],"line":188},"29":{"loc":{"start":{"line":189,"column":16},"end":{"line":191,"column":17}},"type":"if","locations":[{"start":{"line":189,"column":16},"end":{"line":191,"column":17}},{"start":{},"end":{}}],"line":189},"30":{"loc":{"start":{"line":195,"column":12},"end":{"line":201,"column":13}},"type":"if","locations":[{"start":{"line":195,"column":12},"end":{"line":201,"column":13}},{"start":{},"end":{}}],"line":195},"31":{"loc":{"start":{"line":196,"column":16},"end":{"line":198,"column":17}},"type":"if","locations":[{"start":{"line":196,"column":16},"end":{"line":198,"column":17}},{"start":{},"end":{}}],"line":196},"32":{"loc":{"start":{"line":205,"column":12},"end":{"line":205,"column":32}},"type":"if","locations":[{"start":{"line":205,"column":12},"end":{"line":205,"column":32}},{"start":{},"end":{}}],"line":205},"33":{"loc":{"start":{"line":210,"column":12},"end":{"line":212,"column":13}},"type":"if","locations":[{"start":{"line":210,"column":12},"end":{"line":212,"column":13}},{"start":{},"end":{}}],"line":210},"34":{"loc":{"start":{"line":215,"column":12},"end":{"line":226,"column":13}},"type":"if","locations":[{"start":{"line":215,"column":12},"end":{"line":226,"column":13}},{"start":{},"end":{}}],"line":215},"35":{"loc":{"start":{"line":215,"column":16},"end":{"line":215,"column":82}},"type":"binary-expr","locations":[{"start":{"line":215,"column":16},"end":{"line":215,"column":39}},{"start":{"line":215,"column":43},"end":{"line":215,"column":64}},{"start":{"line":215,"column":68},"end":{"line":215,"column":82}}],"line":215},"36":{"loc":{"start":{"line":216,"column":16},"end":{"line":224,"column":17}},"type":"if","locations":[{"start":{"line":216,"column":16},"end":{"line":224,"column":17}},{"start":{},"end":{}}],"line":216},"37":{"loc":{"start":{"line":217,"column":20},"end":{"line":219,"column":21}},"type":"if","locations":[{"start":{"line":217,"column":20},"end":{"line":219,"column":21}},{"start":{},"end":{}}],"line":217},"38":{"loc":{"start":{"line":221,"column":20},"end":{"line":221,"column":104}},"type":"if","locations":[{"start":{"line":221,"column":20},"end":{"line":221,"column":104}},{"start":{},"end":{}}],"line":221},"39":{"loc":{"start":{"line":222,"column":20},"end":{"line":222,"column":90}},"type":"if","locations":[{"start":{"line":222,"column":20},"end":{"line":222,"column":90}},{"start":{},"end":{}}],"line":222},"40":{"loc":{"start":{"line":229,"column":12},"end":{"line":238,"column":13}},"type":"if","locations":[{"start":{"line":229,"column":12},"end":{"line":238,"column":13}},{"start":{},"end":{}}],"line":229},"41":{"loc":{"start":{"line":230,"column":16},"end":{"line":235,"column":17}},"type":"if","locations":[{"start":{"line":230,"column":16},"end":{"line":235,"column":17}},{"start":{},"end":{}}],"line":230},"42":{"loc":{"start":{"line":231,"column":20},"end":{"line":233,"column":21}},"type":"if","locations":[{"start":{"line":231,"column":20},"end":{"line":233,"column":21}},{"start":{},"end":{}}],"line":231},"43":{"loc":{"start":{"line":241,"column":8},"end":{"line":281,"column":9}},"type":"if","locations":[{"start":{"line":241,"column":8},"end":{"line":281,"column":9}},{"start":{},"end":{}}],"line":241},"44":{"loc":{"start":{"line":242,"column":31},"end":{"line":242,"column":54}},"type":"binary-expr","locations":[{"start":{"line":242,"column":31},"end":{"line":242,"column":42}},{"start":{"line":242,"column":46},"end":{"line":242,"column":54}}],"line":242},"45":{"loc":{"start":{"line":244,"column":16},"end":{"line":244,"column":36}},"type":"if","locations":[{"start":{"line":244,"column":16},"end":{"line":244,"column":36}},{"start":{},"end":{}}],"line":244},"46":{"loc":{"start":{"line":245,"column":16},"end":{"line":247,"column":17}},"type":"if","locations":[{"start":{"line":245,"column":16},"end":{"line":247,"column":17}},{"start":{},"end":{}}],"line":245},"47":{"loc":{"start":{"line":250,"column":16},"end":{"line":279,"column":17}},"type":"if","locations":[{"start":{"line":250,"column":16},"end":{"line":279,"column":17}},{"start":{},"end":{}}],"line":250},"48":{"loc":{"start":{"line":250,"column":20},"end":{"line":250,"column":102}},"type":"binary-expr","locations":[{"start":{"line":250,"column":21},"end":{"line":250,"column":44}},{"start":{"line":250,"column":48},"end":{"line":250,"column":55}},{"start":{"line":250,"column":61},"end":{"line":250,"column":84}},{"start":{"line":250,"column":88},"end":{"line":250,"column":101}}],"line":250},"49":{"loc":{"start":{"line":251,"column":20},"end":{"line":278,"column":21}},"type":"if","locations":[{"start":{"line":251,"column":20},"end":{"line":278,"column":21}},{"start":{"line":258,"column":27},"end":{"line":278,"column":21}}],"line":251},"50":{"loc":{"start":{"line":252,"column":24},"end":{"line":257,"column":25}},"type":"if","locations":[{"start":{"line":252,"column":24},"end":{"line":257,"column":25}},{"start":{},"end":{}}],"line":252},"51":{"loc":{"start":{"line":253,"column":28},"end":{"line":255,"column":29}},"type":"if","locations":[{"start":{"line":253,"column":28},"end":{"line":255,"column":29}},{"start":{},"end":{}}],"line":253},"52":{"loc":{"start":{"line":259,"column":24},"end":{"line":261,"column":25}},"type":"if","locations":[{"start":{"line":259,"column":24},"end":{"line":261,"column":25}},{"start":{},"end":{}}],"line":259},"53":{"loc":{"start":{"line":263,"column":24},"end":{"line":277,"column":25}},"type":"if","locations":[{"start":{"line":263,"column":24},"end":{"line":277,"column":25}},{"start":{},"end":{}}],"line":263},"54":{"loc":{"start":{"line":263,"column":28},"end":{"line":263,"column":62}},"type":"binary-expr","locations":[{"start":{"line":263,"column":28},"end":{"line":263,"column":45}},{"start":{"line":263,"column":49},"end":{"line":263,"column":62}}],"line":263},"55":{"loc":{"start":{"line":264,"column":28},"end":{"line":266,"column":29}},"type":"if","locations":[{"start":{"line":264,"column":28},"end":{"line":266,"column":29}},{"start":{},"end":{}}],"line":264},"56":{"loc":{"start":{"line":268,"column":32},"end":{"line":270,"column":33}},"type":"if","locations":[{"start":{"line":268,"column":32},"end":{"line":270,"column":33}},{"start":{},"end":{}}],"line":268},"57":{"loc":{"start":{"line":272,"column":32},"end":{"line":274,"column":33}},"type":"if","locations":[{"start":{"line":272,"column":32},"end":{"line":274,"column":33}},{"start":{},"end":{}}],"line":272},"58":{"loc":{"start":{"line":272,"column":36},"end":{"line":272,"column":70}},"type":"binary-expr","locations":[{"start":{"line":272,"column":36},"end":{"line":272,"column":56}},{"start":{"line":272,"column":60},"end":{"line":272,"column":70}}],"line":272},"59":{"loc":{"start":{"line":283,"column":8},"end":{"line":313,"column":9}},"type":"if","locations":[{"start":{"line":283,"column":8},"end":{"line":313,"column":9}},{"start":{},"end":{}}],"line":283},"60":{"loc":{"start":{"line":285,"column":16},"end":{"line":285,"column":36}},"type":"if","locations":[{"start":{"line":285,"column":16},"end":{"line":285,"column":36}},{"start":{},"end":{}}],"line":285},"61":{"loc":{"start":{"line":286,"column":16},"end":{"line":288,"column":17}},"type":"if","locations":[{"start":{"line":286,"column":16},"end":{"line":288,"column":17}},{"start":{},"end":{}}],"line":286},"62":{"loc":{"start":{"line":290,"column":16},"end":{"line":311,"column":17}},"type":"if","locations":[{"start":{"line":290,"column":16},"end":{"line":311,"column":17}},{"start":{"line":297,"column":23},"end":{"line":311,"column":17}}],"line":290},"63":{"loc":{"start":{"line":291,"column":20},"end":{"line":293,"column":21}},"type":"if","locations":[{"start":{"line":291,"column":20},"end":{"line":293,"column":21}},{"start":{},"end":{}}],"line":291},"64":{"loc":{"start":{"line":297,"column":23},"end":{"line":311,"column":17}},"type":"if","locations":[{"start":{"line":297,"column":23},"end":{"line":311,"column":17}},{"start":{},"end":{}}],"line":297},"65":{"loc":{"start":{"line":297,"column":27},"end":{"line":297,"column":71}},"type":"binary-expr","locations":[{"start":{"line":297,"column":27},"end":{"line":297,"column":53}},{"start":{"line":297,"column":57},"end":{"line":297,"column":71}}],"line":297},"66":{"loc":{"start":{"line":298,"column":20},"end":{"line":300,"column":21}},"type":"if","locations":[{"start":{"line":298,"column":20},"end":{"line":300,"column":21}},{"start":{},"end":{}}],"line":298},"67":{"loc":{"start":{"line":302,"column":24},"end":{"line":304,"column":25}},"type":"if","locations":[{"start":{"line":302,"column":24},"end":{"line":304,"column":25}},{"start":{},"end":{}}],"line":302},"68":{"loc":{"start":{"line":306,"column":24},"end":{"line":308,"column":25}},"type":"if","locations":[{"start":{"line":306,"column":24},"end":{"line":308,"column":25}},{"start":{},"end":{}}],"line":306},"69":{"loc":{"start":{"line":306,"column":28},"end":{"line":306,"column":62}},"type":"binary-expr","locations":[{"start":{"line":306,"column":28},"end":{"line":306,"column":48}},{"start":{"line":306,"column":52},"end":{"line":306,"column":62}}],"line":306},"70":{"loc":{"start":{"line":315,"column":8},"end":{"line":382,"column":9}},"type":"if","locations":[{"start":{"line":315,"column":8},"end":{"line":382,"column":9}},{"start":{},"end":{}}],"line":315},"71":{"loc":{"start":{"line":317,"column":16},"end":{"line":317,"column":36}},"type":"if","locations":[{"start":{"line":317,"column":16},"end":{"line":317,"column":36}},{"start":{},"end":{}}],"line":317},"72":{"loc":{"start":{"line":318,"column":16},"end":{"line":320,"column":17}},"type":"if","locations":[{"start":{"line":318,"column":16},"end":{"line":320,"column":17}},{"start":{},"end":{}}],"line":318},"73":{"loc":{"start":{"line":324,"column":16},"end":{"line":380,"column":17}},"type":"if","locations":[{"start":{"line":324,"column":16},"end":{"line":380,"column":17}},{"start":{"line":357,"column":23},"end":{"line":380,"column":17}}],"line":324},"74":{"loc":{"start":{"line":326,"column":20},"end":{"line":356,"column":21}},"type":"if","locations":[{"start":{"line":326,"column":20},"end":{"line":356,"column":21}},{"start":{"line":336,"column":27},"end":{"line":356,"column":21}}],"line":326},"75":{"loc":{"start":{"line":327,"column":24},"end":{"line":329,"column":25}},"type":"if","locations":[{"start":{"line":327,"column":24},"end":{"line":329,"column":25}},{"start":{},"end":{}}],"line":327},"76":{"loc":{"start":{"line":331,"column":24},"end":{"line":333,"column":25}},"type":"if","locations":[{"start":{"line":331,"column":24},"end":{"line":333,"column":25}},{"start":{},"end":{}}],"line":331},"77":{"loc":{"start":{"line":336,"column":27},"end":{"line":356,"column":21}},"type":"if","locations":[{"start":{"line":336,"column":27},"end":{"line":356,"column":21}},{"start":{},"end":{}}],"line":336},"78":{"loc":{"start":{"line":337,"column":24},"end":{"line":339,"column":25}},"type":"if","locations":[{"start":{"line":337,"column":24},"end":{"line":339,"column":25}},{"start":{},"end":{}}],"line":337},"79":{"loc":{"start":{"line":341,"column":24},"end":{"line":355,"column":25}},"type":"if","locations":[{"start":{"line":341,"column":24},"end":{"line":355,"column":25}},{"start":{},"end":{}}],"line":341},"80":{"loc":{"start":{"line":341,"column":28},"end":{"line":341,"column":77}},"type":"binary-expr","locations":[{"start":{"line":341,"column":28},"end":{"line":341,"column":44}},{"start":{"line":341,"column":48},"end":{"line":341,"column":60}},{"start":{"line":341,"column":64},"end":{"line":341,"column":77}}],"line":341},"81":{"loc":{"start":{"line":342,"column":28},"end":{"line":344,"column":29}},"type":"if","locations":[{"start":{"line":342,"column":28},"end":{"line":344,"column":29}},{"start":{},"end":{}}],"line":342},"82":{"loc":{"start":{"line":346,"column":32},"end":{"line":348,"column":33}},"type":"if","locations":[{"start":{"line":346,"column":32},"end":{"line":348,"column":33}},{"start":{},"end":{}}],"line":346},"83":{"loc":{"start":{"line":350,"column":32},"end":{"line":352,"column":33}},"type":"if","locations":[{"start":{"line":350,"column":32},"end":{"line":352,"column":33}},{"start":{},"end":{}}],"line":350},"84":{"loc":{"start":{"line":350,"column":36},"end":{"line":350,"column":70}},"type":"binary-expr","locations":[{"start":{"line":350,"column":36},"end":{"line":350,"column":56}},{"start":{"line":350,"column":60},"end":{"line":350,"column":70}}],"line":350},"85":{"loc":{"start":{"line":359,"column":20},"end":{"line":364,"column":21}},"type":"if","locations":[{"start":{"line":359,"column":20},"end":{"line":364,"column":21}},{"start":{},"end":{}}],"line":359},"86":{"loc":{"start":{"line":360,"column":24},"end":{"line":362,"column":25}},"type":"if","locations":[{"start":{"line":360,"column":24},"end":{"line":362,"column":25}},{"start":{},"end":{}}],"line":360},"87":{"loc":{"start":{"line":365,"column":20},"end":{"line":379,"column":21}},"type":"if","locations":[{"start":{"line":365,"column":20},"end":{"line":379,"column":21}},{"start":{},"end":{}}],"line":365},"88":{"loc":{"start":{"line":365,"column":24},"end":{"line":365,"column":87}},"type":"binary-expr","locations":[{"start":{"line":365,"column":24},"end":{"line":365,"column":40}},{"start":{"line":365,"column":44},"end":{"line":365,"column":56}},{"start":{"line":365,"column":60},"end":{"line":365,"column":70}},{"start":{"line":365,"column":74},"end":{"line":365,"column":87}}],"line":365},"89":{"loc":{"start":{"line":366,"column":24},"end":{"line":368,"column":25}},"type":"if","locations":[{"start":{"line":366,"column":24},"end":{"line":368,"column":25}},{"start":{},"end":{}}],"line":366},"90":{"loc":{"start":{"line":370,"column":28},"end":{"line":372,"column":29}},"type":"if","locations":[{"start":{"line":370,"column":28},"end":{"line":372,"column":29}},{"start":{},"end":{}}],"line":370},"91":{"loc":{"start":{"line":374,"column":28},"end":{"line":376,"column":29}},"type":"if","locations":[{"start":{"line":374,"column":28},"end":{"line":376,"column":29}},{"start":{},"end":{}}],"line":374},"92":{"loc":{"start":{"line":374,"column":32},"end":{"line":374,"column":66}},"type":"binary-expr","locations":[{"start":{"line":374,"column":32},"end":{"line":374,"column":52}},{"start":{"line":374,"column":56},"end":{"line":374,"column":66}}],"line":374}},"s":{"0":1,"1":145,"2":145,"3":145,"4":145,"5":145,"6":145,"7":145,"8":145,"9":145,"10":145,"11":145,"12":145,"13":4025,"14":4018,"15":4015,"16":7,"17":7,"18":7,"19":0,"20":0,"21":0,"22":0,"23":7,"24":7,"25":3,"26":3,"27":3,"28":3,"29":1,"30":3,"31":7,"32":9,"33":9,"34":6,"35":9,"36":9,"37":0,"38":0,"39":0,"40":0,"41":9,"42":5,"43":5,"44":3,"45":5,"46":0,"47":0,"48":0,"49":5,"50":9,"51":9,"52":7,"53":5,"54":3,"55":1,"56":3,"57":2,"58":2,"59":3,"60":3,"61":2,"62":2,"63":2,"64":2,"65":2,"66":2,"67":7,"68":145,"69":1979,"70":84,"71":0,"72":84,"73":84,"74":1979,"75":63,"76":0,"77":63,"78":63,"79":1979,"80":1057,"81":0,"82":1057,"83":1057,"84":1979,"85":738,"86":0,"87":738,"88":738,"89":145,"90":1591,"91":4,"92":1587,"93":1587,"94":1587,"95":12,"96":1587,"97":8,"98":3,"99":2,"100":3,"101":3,"102":3,"103":0,"104":3,"105":1587,"106":1284,"107":376,"108":0,"109":376,"110":1284,"111":144,"112":56,"113":56,"114":1519,"115":2,"116":1517,"117":6,"118":1517,"119":1517,"120":1517,"121":1504,"122":271,"123":176,"124":1,"125":176,"126":1233,"127":5,"128":1233,"129":1233,"130":1214,"131":1,"132":1214,"133":155,"134":0,"135":155,"136":17,"137":155,"138":144,"139":64,"140":1710,"141":2,"142":1708,"143":7,"144":1708,"145":1708,"146":698,"147":7,"148":698,"149":695,"150":1010,"151":971,"152":0,"153":971,"154":11,"155":0,"156":11,"157":11,"158":11,"159":144,"160":66,"161":1693,"162":4,"163":1689,"164":1,"165":1689,"166":1689,"167":1689,"168":762,"169":222,"170":0,"171":222,"172":222,"173":0,"174":222,"175":222,"176":540,"177":517,"178":0,"179":517,"180":517,"181":69,"182":0,"183":69,"184":5,"185":0,"186":5,"187":5,"188":5,"189":927,"190":763,"191":1,"192":763,"193":927,"194":198,"195":1,"196":198,"197":106,"198":0,"199":106,"200":7,"201":106},"f":{"0":145,"1":145,"2":4025,"3":3,"4":9,"5":5,"6":5,"7":2,"8":1979,"9":1591,"10":1519,"11":155,"12":1710,"13":11,"14":1693,"15":5,"16":106},"b":{"0":[137],"1":[145,138],"2":[145,138],"3":[145,138],"4":[4018,7],"5":[4025,7],"6":[7,0],"7":[0,7],"8":[0,0],"9":[3,0],"10":[3,0],"11":[1,2],"12":[6,3],"13":[0,0],"14":[5,0],"15":[3,2],"16":[0,5],"17":[0,0],"18":[3,2],"19":[1,2],"20":[2,1],"21":[2,0],"22":[2,0],"23":[2,2],"24":[84,1895],"25":[0,84],"26":[63,1916],"27":[0,63],"28":[1057,922],"29":[0,1057],"30":[738,1241],"31":[0,738],"32":[4,1587],"33":[12,1575],"34":[8,1579],"35":[1587,16,16],"36":[3,5],"37":[2,1],"38":[3,0],"39":[0,3],"40":[1284,303],"41":[376,908],"42":[0,376],"43":[56,88],"44":[56,5],"45":[2,1517],"46":[6,1511],"47":[1504,13],"48":[1517,11,1508,1502],"49":[271,1233],"50":[176,95],"51":[1,175],"52":[5,1228],"53":[1214,19],"54":[1233,1214],"55":[1,1213],"56":[0,155],"57":[17,138],"58":[155,17],"59":[64,80],"60":[2,1708],"61":[7,1701],"62":[698,1010],"63":[7,691],"64":[971,39],"65":[1010,1007],"66":[0,971],"67":[0,11],"68":[11,0],"69":[11,11],"70":[66,78],"71":[4,1689],"72":[1,1688],"73":[762,927],"74":[222,540],"75":[0,222],"76":[0,222],"77":[517,23],"78":[0,517],"79":[69,448],"80":[517,510,509],"81":[0,69],"82":[0,5],"83":[5,0],"84":[5,5],"85":[763,164],"86":[1,762],"87":[198,729],"88":[927,901,899,602],"89":[1,197],"90":[0,106],"91":[7,99],"92":[106,7]},"_coverageSchema":"1a1c01bbd47fc00a2c39e90264f33305004495a9","hash":"91d095dc66175fa057ac21ce43926528d9db9cf5"}
}
