TN:
SF:bots/bath-lights.js
FN:22,(anonymous_0)
FN:31,(anonymous_1)
FN:53,(anonymous_2)
FN:82,(anonymous_3)
FN:90,(anonymous_4)
FN:109,(anonymous_5)
FN:132,(anonymous_6)
FN:161,(anonymous_7)
FN:173,(anonymous_8)
FN:204,(anonymous_9)
FN:243,(anonymous_10)
FN:267,(anonymous_11)
FN:284,(anonymous_12)
FN:301,(anonymous_13)
FN:316,(anonymous_14)
FN:345,(anonymous_15)
FN:369,(anonymous_16)
FNF:17
FNH:17
FNDA:145,(anonymous_0)
FNDA:145,(anonymous_1)
FNDA:4025,(anonymous_2)
FNDA:3,(anonymous_3)
FNDA:9,(anonymous_4)
FNDA:5,(anonymous_5)
FNDA:5,(anonymous_6)
FNDA:2,(anonymous_7)
FNDA:1979,(anonymous_8)
FNDA:1591,(anonymous_9)
FNDA:1519,(anonymous_10)
FNDA:155,(anonymous_11)
FNDA:1710,(anonymous_12)
FNDA:11,(anonymous_13)
FNDA:1693,(anonymous_14)
FNDA:5,(anonymous_15)
FNDA:106,(anonymous_16)
DA:22,1
DA:30,145
DA:32,145
DA:33,145
DA:34,145
DA:35,145
DA:36,145
DA:37,145
DA:38,145
DA:39,145
DA:42,145
DA:50,145
DA:53,145
DA:54,4025
DA:56,4018
DA:57,4015
DA:61,7
DA:62,7
DA:65,7
DA:66,0
DA:67,0
DA:68,0
DA:69,0
DA:73,7
DA:82,7
DA:83,3
DA:84,3
DA:85,3
DA:86,3
DA:90,7
DA:91,9
DA:93,9
DA:94,6
DA:97,9
DA:98,9
DA:100,0
DA:101,0
DA:104,0
DA:105,0
DA:109,9
DA:110,5
DA:111,5
DA:112,3
DA:114,5
DA:116,0
DA:117,0
DA:119,0
DA:122,5
DA:128,9
DA:129,9
DA:132,7
DA:133,5
DA:134,3
DA:135,1
DA:139,3
DA:140,2
DA:141,2
DA:153,3
DA:154,3
DA:157,2
DA:158,2
DA:161,2
DA:162,2
DA:163,2
DA:167,2
DA:170,7
DA:173,145
DA:174,1979
DA:175,84
DA:176,0
DA:178,84
DA:179,84
DA:181,1979
DA:182,63
DA:183,0
DA:185,63
DA:186,63
DA:188,1979
DA:189,1057
DA:190,0
DA:192,1057
DA:193,1057
DA:195,1979
DA:196,738
DA:197,0
DA:199,738
DA:200,738
DA:204,145
DA:205,1591
DA:207,1587
DA:208,1587
DA:210,1587
DA:211,12
DA:215,1587
DA:216,8
DA:217,3
DA:218,2
DA:221,3
DA:222,3
DA:223,3
DA:229,1587
DA:230,1284
DA:231,376
DA:232,0
DA:234,376
DA:237,1284
DA:241,144
DA:242,56
DA:243,56
DA:244,1519
DA:245,1517
DA:246,6
DA:248,1517
DA:249,1517
DA:250,1517
DA:251,1504
DA:252,271
DA:253,176
DA:254,1
DA:256,176
DA:259,1233
DA:260,5
DA:262,1233
DA:263,1233
DA:264,1214
DA:265,1
DA:267,1214
DA:268,155
DA:269,0
DA:272,155
DA:273,17
DA:275,155
DA:283,144
DA:284,64
DA:285,1710
DA:286,1708
DA:287,7
DA:289,1708
DA:290,1708
DA:291,698
DA:292,7
DA:294,698
DA:296,695
DA:297,1010
DA:298,971
DA:299,0
DA:301,971
DA:302,11
DA:303,0
DA:306,11
DA:307,11
DA:309,11
DA:315,144
DA:316,66
DA:317,1693
DA:318,1689
DA:319,1
DA:321,1689
DA:322,1689
DA:324,1689
DA:326,762
DA:327,222
DA:328,0
DA:330,222
DA:331,222
DA:332,0
DA:334,222
DA:335,222
DA:336,540
DA:337,517
DA:338,0
DA:340,517
DA:341,517
DA:342,69
DA:343,0
DA:345,69
DA:346,5
DA:347,0
DA:350,5
DA:351,5
DA:353,5
DA:359,927
DA:360,763
DA:361,1
DA:363,763
DA:365,927
DA:366,198
DA:367,1
DA:369,198
DA:370,106
DA:371,0
DA:374,106
DA:375,7
DA:377,106
LF:194
LH:169
BRDA:28,0,0,137
BRDA:43,1,0,145
BRDA:43,1,1,138
BRDA:44,2,0,145
BRDA:44,2,1,138
BRDA:45,3,0,145
BRDA:45,3,1,138
BRDA:54,4,0,4018
BRDA:54,4,1,7
BRDA:54,5,0,4025
BRDA:54,5,1,7
BRDA:62,6,0,7
BRDA:62,6,1,0
BRDA:65,7,0,0
BRDA:65,7,1,7
BRDA:68,8,0,0
BRDA:68,8,1,0
BRDA:83,9,0,3
BRDA:83,9,1,0
BRDA:84,10,0,3
BRDA:84,10,1,0
BRDA:85,11,0,1
BRDA:85,11,1,2
BRDA:93,12,0,6
BRDA:93,12,1,3
BRDA:100,13,0,0
BRDA:100,13,1,0
BRDA:110,14,0,5
BRDA:110,14,1,0
BRDA:111,15,0,3
BRDA:111,15,1,2
BRDA:114,16,0,0
BRDA:114,16,1,5
BRDA:116,17,0,0
BRDA:116,17,1,0
BRDA:133,18,0,3
BRDA:133,18,1,2
BRDA:134,19,0,1
BRDA:134,19,1,2
BRDA:139,20,0,2
BRDA:139,20,1,1
BRDA:157,21,0,2
BRDA:157,21,1,0
BRDA:162,22,0,2
BRDA:162,22,1,0
BRDA:162,23,0,2
BRDA:162,23,1,2
BRDA:174,24,0,84
BRDA:174,24,1,1895
BRDA:175,25,0,0
BRDA:175,25,1,84
BRDA:181,26,0,63
BRDA:181,26,1,1916
BRDA:182,27,0,0
BRDA:182,27,1,63
BRDA:188,28,0,1057
BRDA:188,28,1,922
BRDA:189,29,0,0
BRDA:189,29,1,1057
BRDA:195,30,0,738
BRDA:195,30,1,1241
BRDA:196,31,0,0
BRDA:196,31,1,738
BRDA:205,32,0,4
BRDA:205,32,1,1587
BRDA:210,33,0,12
BRDA:210,33,1,1575
BRDA:215,34,0,8
BRDA:215,34,1,1579
BRDA:215,35,0,1587
BRDA:215,35,1,16
BRDA:215,35,2,16
BRDA:216,36,0,3
BRDA:216,36,1,5
BRDA:217,37,0,2
BRDA:217,37,1,1
BRDA:221,38,0,3
BRDA:221,38,1,0
BRDA:222,39,0,0
BRDA:222,39,1,3
BRDA:229,40,0,1284
BRDA:229,40,1,303
BRDA:230,41,0,376
BRDA:230,41,1,908
BRDA:231,42,0,0
BRDA:231,42,1,376
BRDA:241,43,0,56
BRDA:241,43,1,88
BRDA:242,44,0,56
BRDA:242,44,1,5
BRDA:244,45,0,2
BRDA:244,45,1,1517
BRDA:245,46,0,6
BRDA:245,46,1,1511
BRDA:250,47,0,1504
BRDA:250,47,1,13
BRDA:250,48,0,1517
BRDA:250,48,1,11
BRDA:250,48,2,1508
BRDA:250,48,3,1502
BRDA:251,49,0,271
BRDA:251,49,1,1233
BRDA:252,50,0,176
BRDA:252,50,1,95
BRDA:253,51,0,1
BRDA:253,51,1,175
BRDA:259,52,0,5
BRDA:259,52,1,1228
BRDA:263,53,0,1214
BRDA:263,53,1,19
BRDA:263,54,0,1233
BRDA:263,54,1,1214
BRDA:264,55,0,1
BRDA:264,55,1,1213
BRDA:268,56,0,0
BRDA:268,56,1,155
BRDA:272,57,0,17
BRDA:272,57,1,138
BRDA:272,58,0,155
BRDA:272,58,1,17
BRDA:283,59,0,64
BRDA:283,59,1,80
BRDA:285,60,0,2
BRDA:285,60,1,1708
BRDA:286,61,0,7
BRDA:286,61,1,1701
BRDA:290,62,0,698
BRDA:290,62,1,1010
BRDA:291,63,0,7
BRDA:291,63,1,691
BRDA:297,64,0,971
BRDA:297,64,1,39
BRDA:297,65,0,1010
BRDA:297,65,1,1007
BRDA:298,66,0,0
BRDA:298,66,1,971
BRDA:302,67,0,0
BRDA:302,67,1,11
BRDA:306,68,0,11
BRDA:306,68,1,0
BRDA:306,69,0,11
BRDA:306,69,1,11
BRDA:315,70,0,66
BRDA:315,70,1,78
BRDA:317,71,0,4
BRDA:317,71,1,1689
BRDA:318,72,0,1
BRDA:318,72,1,1688
BRDA:324,73,0,762
BRDA:324,73,1,927
BRDA:326,74,0,222
BRDA:326,74,1,540
BRDA:327,75,0,0
BRDA:327,75,1,222
BRDA:331,76,0,0
BRDA:331,76,1,222
BRDA:336,77,0,517
BRDA:336,77,1,23
BRDA:337,78,0,0
BRDA:337,78,1,517
BRDA:341,79,0,69
BRDA:341,79,1,448
BRDA:341,80,0,517
BRDA:341,80,1,510
BRDA:341,80,2,509
BRDA:342,81,0,0
BRDA:342,81,1,69
BRDA:346,82,0,0
BRDA:346,82,1,5
BRDA:350,83,0,5
BRDA:350,83,1,0
BRDA:350,84,0,5
BRDA:350,84,1,5
BRDA:359,85,0,763
BRDA:359,85,1,164
BRDA:360,86,0,1
BRDA:360,86,1,762
BRDA:365,87,0,198
BRDA:365,87,1,729
BRDA:365,88,0,927
BRDA:365,88,1,901
BRDA:365,88,2,899
BRDA:365,88,3,602
BRDA:366,89,0,1
BRDA:366,89,1,197
BRDA:370,90,0,0
BRDA:370,90,1,106
BRDA:374,91,0,7
BRDA:374,91,1,99
BRDA:374,92,0,106
BRDA:374,92,1,7
BRF:191
BRH:159
end_of_record
